2025-04-09 09:09:27,012 INFO Этап стучимся на сайт начат
2025-04-09 09:09:31,382 INFO Этап стучимся на сайт выполнялся 4.36937275 секунд
2025-04-09 09:09:35,714 INFO Этап страница начат
2025-04-09 09:09:36,058 INFO Нажатие номер 1
2025-04-09 09:09:39,059 INFO Этап страница выполнялся 3.34522725 секунд
2025-04-09 09:09:39,060 INFO Этап страница начат
2025-04-09 09:09:39,456 INFO Нажатие номер 2
2025-04-09 09:09:42,461 INFO Этап страница выполнялся 3.401681459 секунд
2025-04-09 09:09:42,462 INFO Этап страница начат
2025-04-09 09:09:42,936 INFO Нажатие номер 3
2025-04-09 09:09:45,941 INFO Этап страница выполнялся 3.479365666 секунд
2025-04-09 09:09:45,941 INFO Этап страница начат
2025-04-09 09:09:46,389 INFO Нажатие номер 4
2025-04-09 09:09:49,394 INFO Этап страница выполнялся 3.453087167 секунд
2025-04-09 09:09:49,395 INFO Этап страница начат
2025-04-09 09:09:49,889 INFO Нажатие номер 5
2025-04-09 09:09:52,894 INFO Этап страница выполнялся 3.499040583 секунд
2025-04-09 09:09:52,894 INFO Этап страница начат
2025-04-09 09:10:02,920 INFO Найдено 6 страниц
2025-04-09 09:10:02,920 INFO Этап страница выполнялся 10.025636167 секунд
2025-04-09 09:10:02,920 INFO Этап парсим данные начат
2025-04-09 09:10:12,962 INFO Этап парсим данные выполнялся 10.041511584 секунд
2025-04-09 09:10:12,962 WARNING Обнаружено 0 товаров
2025-04-09 09:10:12,962 INFO Этап льём в бд начат
2025-04-09 09:10:13,518 INFO Этап льём в бд выполнялся 0.555539833 секунд
